2018/06/09 14:07:12 [error] [exception.CHttpException.404] exception 'CHttpException' with message 'The system is unable to find the requested action "activate.html".' in /Users/gonghaibo/www/mytestblog/framework/web/CController.php:486
Stack trace:
#0 /Users/gonghaibo/www/mytestblog/framework/web/CController.php(270): CController->missingAction('activate.html')
#1 /Users/gonghaibo/www/mytestblog/framework/web/CWebApplication.php(282): CController->run('activate.html')
#2 /Users/gonghaibo/www/mytestblog/framework/web/CWebApplication.php(141): CWebApplication->runController('reception/userc...')
#3 /Users/gonghaibo/www/mytestblog/framework/base/CApplication.php(185): CWebApplication->processRequest()
#4 /Users/gonghaibo/www/mytestblog/index.php(11): CApplication->run()
#5 {main}
REQUEST_URI=/index.php/reception/usercentent/activate.html
HTTP_REFERER=http://www.test.com/index.php/reception/usercentent/basic
---
2018/06/09 21:23:53 [error] [php] Trying to get property of non-object (/Users/gonghaibo/www/mytestblog/protected/views/reception/usercentent/basic/index.php:15)
Stack trace:
#0 /Users/gonghaibo/www/mytestblog/framework/web/CController.php(872): UsercententController->renderFile()
#1 /Users/gonghaibo/www/mytestblog/framework/web/CController.php(785): UsercententController->renderPartial()
#2 /Users/gonghaibo/www/mytestblog/protected/controllers/reception/UsercententController.php(22): UsercententController->render()
#3 /Users/gonghaibo/www/mytestblog/framework/web/actions/CInlineAction.php(49): UsercententController->actionBasic()
#4 /Users/gonghaibo/www/mytestblog/framework/web/CController.php(308): CInlineAction->runWithParams()
#5 /Users/gonghaibo/www/mytestblog/framework/web/CController.php(286): UsercententController->runAction()
#6 /Users/gonghaibo/www/mytestblog/framework/web/CController.php(265): UsercententController->runActionWithFilters()
#7 /Users/gonghaibo/www/mytestblog/framework/web/CWebApplication.php(282): UsercententController->run()
#8 /Users/gonghaibo/www/mytestblog/framework/web/CWebApplication.php(141): CWebApplication->runController()
#9 /Users/gonghaibo/www/mytestblog/framework/base/CApplication.php(185): CWebApplication->processRequest()
#10 /Users/gonghaibo/www/mytestblog/index.php(11): CWebApplication->run()
REQUEST_URI=/index.php/reception/usercentent/basic
2018/06/09 21:23:54 [error] [php] Trying to get property of non-object (/Users/gonghaibo/www/mytestblog/protected/views/reception/usercentent/basic/index.php:15)
Stack trace:
#0 /Users/gonghaibo/www/mytestblog/framework/web/CController.php(872): UsercententController->renderFile()
#1 /Users/gonghaibo/www/mytestblog/framework/web/CController.php(785): UsercententController->renderPartial()
#2 /Users/gonghaibo/www/mytestblog/protected/controllers/reception/UsercententController.php(22): UsercententController->render()
#3 /Users/gonghaibo/www/mytestblog/framework/web/actions/CInlineAction.php(49): UsercententController->actionBasic()
#4 /Users/gonghaibo/www/mytestblog/framework/web/CController.php(308): CInlineAction->runWithParams()
#5 /Users/gonghaibo/www/mytestblog/framework/web/CController.php(286): UsercententController->runAction()
#6 /Users/gonghaibo/www/mytestblog/framework/web/CController.php(265): UsercententController->runActionWithFilters()
#7 /Users/gonghaibo/www/mytestblog/framework/web/CWebApplication.php(282): UsercententController->run()
#8 /Users/gonghaibo/www/mytestblog/framework/web/CWebApplication.php(141): CWebApplication->runController()
#9 /Users/gonghaibo/www/mytestblog/framework/base/CApplication.php(185): CWebApplication->processRequest()
#10 /Users/gonghaibo/www/mytestblog/index.php(11): CWebApplication->run()
REQUEST_URI=/index.php/reception/usercentent/basic
2018/06/09 21:24:05 [error] [php] Use of undefined constant email - assumed 'email' (/Users/gonghaibo/www/mytestblog/protected/views/reception/usercentent/basic/index.php:15)
Stack trace:
#0 /Users/gonghaibo/www/mytestblog/framework/web/CController.php(872): UsercententController->renderFile()
#1 /Users/gonghaibo/www/mytestblog/framework/web/CController.php(785): UsercententController->renderPartial()
#2 /Users/gonghaibo/www/mytestblog/protected/controllers/reception/UsercententController.php(22): UsercententController->render()
#3 /Users/gonghaibo/www/mytestblog/framework/web/actions/CInlineAction.php(49): UsercententController->actionBasic()
#4 /Users/gonghaibo/www/mytestblog/framework/web/CController.php(308): CInlineAction->runWithParams()
#5 /Users/gonghaibo/www/mytestblog/framework/web/CController.php(286): UsercententController->runAction()
#6 /Users/gonghaibo/www/mytestblog/framework/web/CController.php(265): UsercententController->runActionWithFilters()
#7 /Users/gonghaibo/www/mytestblog/framework/web/CWebApplication.php(282): UsercententController->run()
#8 /Users/gonghaibo/www/mytestblog/framework/web/CWebApplication.php(141): CWebApplication->runController()
#9 /Users/gonghaibo/www/mytestblog/framework/base/CApplication.php(185): CWebApplication->processRequest()
#10 /Users/gonghaibo/www/mytestblog/index.php(11): CWebApplication->run()
REQUEST_URI=/index.php/reception/usercentent/basic
2018/06/09 21:24:06 [error] [php] Use of undefined constant email - assumed 'email' (/Users/gonghaibo/www/mytestblog/protected/views/reception/usercentent/basic/index.php:15)
Stack trace:
#0 /Users/gonghaibo/www/mytestblog/framework/web/CController.php(872): UsercententController->renderFile()
#1 /Users/gonghaibo/www/mytestblog/framework/web/CController.php(785): UsercententController->renderPartial()
#2 /Users/gonghaibo/www/mytestblog/protected/controllers/reception/UsercententController.php(22): UsercententController->render()
#3 /Users/gonghaibo/www/mytestblog/framework/web/actions/CInlineAction.php(49): UsercententController->actionBasic()
#4 /Users/gonghaibo/www/mytestblog/framework/web/CController.php(308): CInlineAction->runWithParams()
#5 /Users/gonghaibo/www/mytestblog/framework/web/CController.php(286): UsercententController->runAction()
#6 /Users/gonghaibo/www/mytestblog/framework/web/CController.php(265): UsercententController->runActionWithFilters()
#7 /Users/gonghaibo/www/mytestblog/framework/web/CWebApplication.php(282): UsercententController->run()
#8 /Users/gonghaibo/www/mytestblog/framework/web/CWebApplication.php(141): CWebApplication->runController()
#9 /Users/gonghaibo/www/mytestblog/framework/base/CApplication.php(185): CWebApplication->processRequest()
#10 /Users/gonghaibo/www/mytestblog/index.php(11): CWebApplication->run()
REQUEST_URI=/index.php/reception/usercentent/basic
2018/06/09 21:24:30 [error] [php] Undefined index: email (/Users/gonghaibo/www/mytestblog/protected/views/reception/usercentent/basic/index.php:15)
Stack trace:
#0 /Users/gonghaibo/www/mytestblog/framework/web/CController.php(872): UsercententController->renderFile()
#1 /Users/gonghaibo/www/mytestblog/framework/web/CController.php(785): UsercententController->renderPartial()
#2 /Users/gonghaibo/www/mytestblog/protected/controllers/reception/UsercententController.php(22): UsercententController->render()
#3 /Users/gonghaibo/www/mytestblog/framework/web/actions/CInlineAction.php(49): UsercententController->actionBasic()
#4 /Users/gonghaibo/www/mytestblog/framework/web/CController.php(308): CInlineAction->runWithParams()
#5 /Users/gonghaibo/www/mytestblog/framework/web/CController.php(286): UsercententController->runAction()
#6 /Users/gonghaibo/www/mytestblog/framework/web/CController.php(265): UsercententController->runActionWithFilters()
#7 /Users/gonghaibo/www/mytestblog/framework/web/CWebApplication.php(282): UsercententController->run()
#8 /Users/gonghaibo/www/mytestblog/framework/web/CWebApplication.php(141): CWebApplication->runController()
#9 /Users/gonghaibo/www/mytestblog/framework/base/CApplication.php(185): CWebApplication->processRequest()
#10 /Users/gonghaibo/www/mytestblog/index.php(11): CWebApplication->run()
REQUEST_URI=/index.php/reception/usercentent/basic
2018/06/09 21:24:31 [error] [php] Undefined index: email (/Users/gonghaibo/www/mytestblog/protected/views/reception/usercentent/basic/index.php:15)
Stack trace:
#0 /Users/gonghaibo/www/mytestblog/framework/web/CController.php(872): UsercententController->renderFile()
#1 /Users/gonghaibo/www/mytestblog/framework/web/CController.php(785): UsercententController->renderPartial()
#2 /Users/gonghaibo/www/mytestblog/protected/controllers/reception/UsercententController.php(22): UsercententController->render()
#3 /Users/gonghaibo/www/mytestblog/framework/web/actions/CInlineAction.php(49): UsercententController->actionBasic()
#4 /Users/gonghaibo/www/mytestblog/framework/web/CController.php(308): CInlineAction->runWithParams()
#5 /Users/gonghaibo/www/mytestblog/framework/web/CController.php(286): UsercententController->runAction()
#6 /Users/gonghaibo/www/mytestblog/framework/web/CController.php(265): UsercententController->runActionWithFilters()
#7 /Users/gonghaibo/www/mytestblog/framework/web/CWebApplication.php(282): UsercententController->run()
#8 /Users/gonghaibo/www/mytestblog/framework/web/CWebApplication.php(141): CWebApplication->runController()
#9 /Users/gonghaibo/www/mytestblog/framework/base/CApplication.php(185): CWebApplication->processRequest()
#10 /Users/gonghaibo/www/mytestblog/index.php(11): CWebApplication->run()
REQUEST_URI=/index.php/reception/usercentent/basic
